1652599851837	geckodriver	INFO	Listening on 127.0.0.1:56030
1652599853854	mozrunner::runner	INFO	Running command: "C:\\Program Files\\Mozilla Firefox\\firefox.exe" "--marionette" "--remote-debugging-port" "56031" "--remote-allow-hosts" "localhost" "-no-remote" "-profile" "C:\\Users\\munna\\AppData\\Local\\Temp\\rust_mozprofilek2Lj15"
1652599854685	Marionette	INFO	Marionette enabled
console.error: Region.jsm: "Error fetching region" (new Error("TIMEOUT", "resource://gre/modules/Region.jsm", 772))
console.error: Region.jsm: "Failed to fetch region" (new Error("TIMEOUT", "resource://gre/modules/Region.jsm", 419))
console.warn: SearchSettings: "get: No settings file exists, new profile?" (new NotFoundError("Could not open the file at C:\\Users\\munna\\AppData\\Local\\Temp\\rust_mozprofilek2Lj15\\search.json.mozlz4", (void 0)))
DevTools listening on ws://localhost:56031/devtools/browser/b4ad7b60-82db-4b85-be0b-bf6881dd94d3
1652599873241	Marionette	INFO	Listening on port 56060
Read port: 56060
1652599874203	RemoteAgent	WARN	TLS certificate errors will be ignored for this session
1652599883440	Marionette	INFO	Stopped listening on port 56060
JavaScript error: resource://gre/modules/UrlClassifierListManager.jsm, line 691: TypeError: this.tablesData[table] is undefined
console.error: (new Error("SessionFile is closed", "resource:///modules/sessionstore/SessionFile.jsm", 443))
WARNING: At least one completion condition is taking too long to complete. Conditions: [{"name":"TelemetryController: shutting down","state":{"initialized":true,"initStarted":true,"haveDelayedInitTask":false,"shutdownBarrier":"Not started","connectionsBarrier":"Not started","sendModule":{"sendingEnabled":true,"pendingPingRequestCount":0,"pendingPingActivityCount":0,"unpersistedPingCount":0,"persistedPingCount":0,"schedulerState":{"shutdown":false,"hasSendTask":false,"sendsFailed":false,"sendTaskState":"bail out - no pings to send","backoffDelay":60000}},"haveDelayedNewProfileTask":true,"shutdownStep":"awaiting delayed new ping task 0"},"filename":"resource://gre/modules/TelemetryControllerParent.jsm","lineNumber":910,"stack":["resource://gre/modules/TelemetryControllerParent.jsm:setupTelemetry:910","resource://gre/modules/TelemetryControllerParent.jsm:observe:1044","resource://gre/modules/TelemetryControllerParent.jsm:observe:147","resource://gre/modules/TelemetryStartup.jsm:TelemetryStartup.prototype.observe:31"]}] Barrier: profile-before-change-telemetry
JavaScript error: resource://gre/modules/CrashManager.jsm, line 898: AbortError: IOUtils: Shutting down and refusing additional I/O tasks
1652599988978	geckodriver	INFO	Listening on 127.0.0.1:56121
1652599990844	mozrunner::runner	INFO	Running command: "C:\\Program Files\\Mozilla Firefox\\firefox.exe" "--marionette" "--remote-debugging-port" "56122" "--remote-allow-hosts" "localhost" "-no-remote" "-profile" "C:\\Users\\munna\\AppData\\Local\\Temp\\rust_mozprofile2MPzon"
1652599991555	Marionette	INFO	Marionette enabled
console.warn: SearchSettings: "get: No settings file exists, new profile?" (new NotFoundError("Could not open the file at C:\\Users\\munna\\AppData\\Local\\Temp\\rust_mozprofile2MPzon\\search.json.mozlz4", (void 0)))
console.error: Region.jsm: "Error fetching region" (new AbortError("The operation was aborted. ", (void 0), 770))
console.error: Region.jsm: "Failed to fetch region" (new Error("NO_RESULT", "resource://gre/modules/Region.jsm", 419))
DevTools listening on ws://localhost:56122/devtools/browser/f1f05470-8d9b-44d7-be1e-08b748629f7e
1652600006032	Marionette	INFO	Listening on port 56144
Read port: 56144
1652600006454	RemoteAgent	WARN	TLS certificate errors will be ignored for this session
1652600011798	Marionette	INFO	Stopped listening on port 56144
JavaScript error: resource://activity-stream/lib/ActivityStreamPrefs.jsm, line 27: NS_ERROR_ILLEGAL_VALUE: Component returned failure code: 0x80070057 (NS_ERROR_ILLEGAL_VALUE) [nsIPrefBranch.removeObserver]
console.warn: TopSitesFeed: Failed to fetch data from Contile server: NetworkError when attempting to fetch resource.
console.log: "RemoteSettingsWorker error: Error: Can't import when we've started shutting down."
console.log: "RemoteSettingsWorker error: Error: Can't import when we've started shutting down."
JavaScript error: resource://gre/modules/JSONFile.jsm, line 186: Error: Data is not ready.
console.log: "RemoteSettingsWorker error: Error: Can't import when we've started shutting down."
console.log: "RemoteSettingsWorker error: Error: Can't import when we've started shutting down."
console.log: "RemoteSettingsWorker error: Error: Can't import when we've started shutting down."
console.log: "RemoteSettingsWorker error: Error: Can't import when we've started shutting down."
1652600083831	geckodriver	INFO	Listening on 127.0.0.1:56195
1652600085687	mozrunner::runner	INFO	Running command: "C:\\Program Files\\Mozilla Firefox\\firefox.exe" "--marionette" "-headless" "--remote-debugging-port" "56196" "--remote-allow-hosts" "localhost" "-no-remote" "-profile" "C:\\Users\\munna\\AppData\\Local\\Temp\\rust_mozprofileb102lC"
*** You are running in headless mode.
1652600086365	Marionette	INFO	Marionette enabled
[GFX1-]: RenderCompositorSWGL failed mapping default framebuffer, no dt
console.warn: SearchSettings: "get: No settings file exists, new profile?" (new NotFoundError("Could not open the file at C:\\Users\\munna\\AppData\\Local\\Temp\\rust_mozprofileb102lC\\search.json.mozlz4", (void 0)))
DevTools listening on ws://localhost:56196/devtools/browser/71b95f43-fa48-4fb9-a170-a150ccde0358
1652600093463	Marionette	INFO	Listening on port 56218
Read port: 56218
1652600093557	RemoteAgent	WARN	TLS certificate errors will be ignored for this session
1652600096961	Marionette	INFO	Stopped listening on port 56218
[Parent 5976, IPC I/O Parent] WARNING: file /builds/worker/checkouts/gecko/ipc/chromium/src/base/process_util_win.cc:167
console.log: "RemoteSettingsWorker error: Error: Can't import when we've started shutting down."
JavaScript error: resource://gre/modules/JSONFile.jsm, line 186: Error: Data is not ready.
console.log: "RemoteSettingsWorker error: Error: Can't import when we've started shutting down."
console.log: "RemoteSettingsWorker error: Error: Can't import when we've started shutting down."
console.log: "RemoteSettingsWorker error: Error: Can't import when we've started shutting down."
console.log: "RemoteSettingsWorker error: Error: Can't import when we've started shutting down."
console.log: "RemoteSettingsWorker error: Error: Can't import when we've started shutting down."
console.log: "RemoteSettingsWorker error: Error: Can't import when we've started shutting down."
JavaScript error: resource://gre/modules/AsyncShutdown.jsm, line 718: Error: Phase "profile-before-change" is finished, it is too late to register completion condition "DoHController: clear state and remove observers"
JavaScript error: resource://gre/modules/CrashManager.jsm, line 898: AbortError: IOUtils: Shutting down and refusing additional I/O tasks
1652600283296	geckodriver	INFO	Listening on 127.0.0.1:56254
1652600285318	mozrunner::runner	INFO	Running command: "C:\\Program Files\\Mozilla Firefox\\firefox.exe" "--marionette" "-headless" "--remote-debugging-port" "56255" "--remote-allow-hosts" "localhost" "-no-remote" "-profile" "C:\\Users\\munna\\AppData\\Local\\Temp\\rust_mozprofileSSQmHr"
*** You are running in headless mode.
1652600286261	Marionette	INFO	Marionette enabled
[GFX1-]: RenderCompositorSWGL failed mapping default framebuffer, no dt
console.warn: SearchSettings: "get: No settings file exists, new profile?" (new NotFoundError("Could not open the file at C:\\Users\\munna\\AppData\\Local\\Temp\\rust_mozprofileSSQmHr\\search.json.mozlz4", (void 0)))
DevTools listening on ws://localhost:56255/devtools/browser/31ad50a2-94a5-4ac1-abee-82b743c854d8
1652600290944	Marionette	INFO	Listening on port 56274
Read port: 56274
1652600291136	RemoteAgent	WARN	TLS certificate errors will be ignored for this session
1652600294396	Marionette	INFO	Stopped listening on port 56274
console.log: "RemoteSettingsWorker error: Error: Can't import when we've started shutting down."
JavaScript error: resource://gre/modules/JSONFile.jsm, line 186: Error: Data is not ready.
console.log: "RemoteSettingsWorker error: Error: Can't import when we've started shutting down."
console.log: "RemoteSettingsWorker error: Error: Can't import when we've started shutting down."
console.log: "RemoteSettingsWorker error: Error: Can't import when we've started shutting down."
console.log: "RemoteSettingsWorker error: Error: Can't import when we've started shutting down."
console.log: "RemoteSettingsWorker error: Error: Can't import when we've started shutting down."
JavaScript error: resource://gre/modules/AsyncShutdown.jsm, line 718: Error: Phase "profile-before-change" is finished, it is too late to register completion condition "DoHController: clear state and remove observers"

###!!! [Parent][PImageBridgeParent] Error: RunMessage(msgname=PImageBridge::Msg_WillClose) Channel closing: too late to send/recv, messages will be lost

JavaScript error: resource://gre/modules/CrashManager.jsm, line 898: AbortError: IOUtils: Shutting down and refusing additional I/O tasks
1652601440414	geckodriver	INFO	Listening on 127.0.0.1:57876
1652601442316	mozrunner::runner	INFO	Running command: "C:\\Program Files\\Mozilla Firefox\\firefox.exe" "--marionette" "-headless" "--remote-debugging-port" "57877" "--remote-allow-hosts" "localhost" "-no-remote" "-profile" "C:\\Users\\munna\\AppData\\Local\\Temp\\rust_mozprofileFdfagU"
*** You are running in headless mode.
1652601459913	Marionette	INFO	Marionette enabled
console.error: Region.jsm: "Error fetching region" (new Error("TIMEOUT", "resource://gre/modules/Region.jsm", 772))
console.error: Region.jsm: "Failed to fetch region" (new Error("TIMEOUT", "resource://gre/modules/Region.jsm", 419))
[GFX1-]: RenderCompositorSWGL failed mapping default framebuffer, no dt
console.warn: SearchSettings: "get: No settings file exists, new profile?" (new NotFoundError("Could not open the file at C:\\Users\\munna\\AppData\\Local\\Temp\\rust_mozprofileFdfagU\\search.json.mozlz4", (void 0)))
DevTools listening on ws://localhost:57877/devtools/browser/6a1cfe14-3577-4bfc-a8bc-3023165d8f9f
1652601524889	Marionette	INFO	Listening on port 58163
1652601981021	geckodriver	INFO	Listening on 127.0.0.1:58285
1652601982982	mozrunner::runner	INFO	Running command: "C:\\Program Files\\Mozilla Firefox\\firefox.exe" "--marionette" "-headless" "--remote-debugging-port" "58286" "--remote-allow-hosts" "localhost" "-no-remote" "-profile" "C:\\Users\\munna\\AppData\\Local\\Temp\\rust_mozprofileS8Xo27"
*** You are running in headless mode.
1652601983788	Marionette	INFO	Marionette enabled
[GFX1-]: RenderCompositorSWGL failed mapping default framebuffer, no dt
console.warn: SearchSettings: "get: No settings file exists, new profile?" (new NotFoundError("Could not open the file at C:\\Users\\munna\\AppData\\Local\\Temp\\rust_mozprofileS8Xo27\\search.json.mozlz4", (void 0)))
DevTools listening on ws://localhost:58286/devtools/browser/c7a8d402-a26f-49e9-b81d-fab17df463f5
1652601988816	Marionette	INFO	Listening on port 58310
Read port: 58310
1652601988944	RemoteAgent	WARN	TLS certificate errors will be ignored for this session
1652601992332	Marionette	INFO	Stopped listening on port 58310
JavaScript error: resource://activity-stream/lib/ActivityStreamPrefs.jsm, line 27: NS_ERROR_ILLEGAL_VALUE: Component returned failure code: 0x80070057 (NS_ERROR_ILLEGAL_VALUE) [nsIPrefBranch.removeObserver]
console.error: "Could not load engine amazondotcom@search.mozilla.org: TypeError: policy is null"
console.error: "Could not load engine wikipedia@search.mozilla.org: TypeError: AddonManagerInternal._getProviderByName(...) is undefined"
console.error: "Could not load engine bing@search.mozilla.org: TypeError: AddonManagerInternal._getProviderByName(...) is undefined"
console.error: "Could not load engine ddg@search.mozilla.org: TypeError: AddonManagerInternal._getProviderByName(...) is undefined"
console.warn: SearchService: "_init: abandoning init due to shutting down"
JavaScript error: resource://gre/modules/AsyncShutdown.jsm, line 575: uncaught exception: 2147500036
JavaScript error: resource://gre/modules/AsyncShutdown.jsm, line 575: uncaught exception: 2147500036
JavaScript error: resource://gre/modules/AsyncShutdown.jsm, line 575: uncaught exception: 2147500036
JavaScript error: resource://gre/modules/AsyncShutdown.jsm, line 575: uncaught exception: 2147500036
JavaScript error: resource://gre/modules/AsyncShutdown.jsm, line 575: uncaught exception: 2147500036
JavaScript error: resource://gre/modules/AsyncShutdown.jsm, line 575: uncaught exception: 2147500036
JavaScript error: resource://gre/modules/AsyncShutdown.jsm, line 575: uncaught exception: 2147500036
JavaScript error: resource://gre/modules/AsyncShutdown.jsm, line 575: uncaught exception: 2147500036
[Parent 1016, IPC I/O Parent] WARNING: file /builds/worker/checkouts/gecko/ipc/chromium/src/base/process_util_win.cc:167

###!!! [Parent][PImageBridgeParent] Error: RunMessage(msgname=PImageBridge::Msg_WillClose) Channel closing: too late to send/recv, messages will be lost

JavaScript error: resource://gre/modules/CrashManager.jsm, line 898: AbortError: IOUtils: Shutting down and refusing additional I/O tasks
1652602105988	geckodriver	INFO	Listening on 127.0.0.1:58360
1652602107963	mozrunner::runner	INFO	Running command: "C:\\Program Files\\Mozilla Firefox\\firefox.exe" "--marionette" "-headless" "--remote-debugging-port" "58361" "--remote-allow-hosts" "localhost" "-no-remote" "-profile" "C:\\Users\\munna\\AppData\\Local\\Temp\\rust_mozprofileq6S3mD"
*** You are running in headless mode.
1652602108859	Marionette	INFO	Marionette enabled
[GFX1-]: RenderCompositorSWGL failed mapping default framebuffer, no dt
console.warn: SearchSettings: "get: No settings file exists, new profile?" (new NotFoundError("Could not open the file at C:\\Users\\munna\\AppData\\Local\\Temp\\rust_mozprofileq6S3mD\\search.json.mozlz4", (void 0)))
DevTools listening on ws://localhost:58361/devtools/browser/0a124ba5-e080-49c8-a4e9-117fd8baa615
1652602114121	Marionette	INFO	Listening on port 58382
Read port: 58382
1652602114231	RemoteAgent	WARN	TLS certificate errors will be ignored for this session
console.warn: LoginRecipes: "getRecipes: falling back to a synchronous message for:" "https://www.instagram.com"
console.warn: LoginRecipes: "getRecipes: falling back to a synchronous message for:" "https://www.instagram.com"
JavaScript error: resource://gre/modules/LoginManagerParent.jsm, line 136: TypeError: gRecipeManager is null
1652602194458	Marionette	INFO	Stopped listening on port 58382
!!! error running onStopped callback: TypeError: callback is not a function

###!!! [Parent][PImageBridgeParent] Error: RunMessage(msgname=PImageBridge::Msg_WillClose) Channel closing: too late to send/recv, messages will be lost

